<?xml version="1.0" encoding="UTF-8"?>
<testsuite xmlns:xsi="http://www.w3.org/2001/XMLSchema-instance" xsi:noNamespaceSchemaLocation="https://maven.apache.org/surefire/maven-surefire-plugin/xsd/surefire-test-report-3.0.xsd" version="3.0" name="com.booksphere.orderservice.controller.OrderControllerTest" time="1.438" tests="6" errors="0" skipped="0" failures="0">
  <properties>
[...]
</properties>
  <testcase name="testUpdateOrderStatus" classname="com.booksphere.orderservice.controller.OrderControllerTest" time="1.322"/>
  <testcase name="testPlaceOrder_Complex" classname="com.booksphere.orderservice.controller.OrderControllerTest" time="0.023"/>
  <testcase name="testGetAllOrders" classname="com.booksphere.orderservice.controller.OrderControllerTest" time="0.012"/>
  <testcase name="testPlaceOrder_Null" classname="com.booksphere.orderservice.controller.OrderControllerTest" time="0.013"/>
  <testcase name="testGetOrdersByUser" classname="com.booksphere.orderservice.controller.OrderControllerTest" time="0.011"/>
  <testcase name="testPayOrder" classname="com.booksphere.orderservice.controller.OrderControllerTest" time="0.013"/>
</testsuite>